d:\myowngameengıne\gameengıne\bın\debug\ıntermedıate\vc142.pdb
d:\myowngameengıne\gameengıne\bın\debug\ıntermedıate\vc142.ıdb
d:\myowngameengıne\gameengıne\bın\debug\ıntermedıate\maın.obj
d:\myowngameengıne\gameengıne\bın\debug\ıntermedıate\wındow.obj
d:\myowngameengıne\gameengıne\bın\debug\gameengıne.exe
d:\myowngameengıne\gameengıne\bın\debug\ıntermedıate\gameengıne.ılk
d:\myowngameengıne\gameengıne\bın\debug\gameengıne.pdb
d:\myowngameengine\gameengine\bin\debug\ıntermediate\main.obj
d:\myowngameengine\gameengine\bin\debug\ıntermediate\window.obj
d:\myowngameengine\gameengine\bin\debug\ıntermediate\gameengine.ilk
d:\myowngameengine\gameengine\bin\debug\ıntermediate\vc142.idb
d:\myowngameengine\gameengine\bin\debug\ıntermediate\vc142.pdb
d:\myowngameengine\gameengine\\bin\debug\gameengine.pdb
d:\myowngameengine\gameengine\bin\debug\gameengine.exe
d:\myowngameengine\gameengine\bin\debug\ıntermediate\gameengine.tlog\cl.command.1.tlog
d:\myowngameengine\gameengine\bin\debug\ıntermediate\gameengine.tlog\cl.read.1.tlog
d:\myowngameengine\gameengine\bin\debug\ıntermediate\gameengine.tlog\cl.write.1.tlog
d:\myowngameengine\gameengine\bin\debug\ıntermediate\gameengine.tlog\link.command.1.tlog
d:\myowngameengine\gameengine\bin\debug\ıntermediate\gameengine.tlog\link.read.1.tlog
d:\myowngameengine\gameengine\bin\debug\ıntermediate\gameengine.tlog\link.write.1.tlog
